{"uuid":"396bc39d-1212-4e10-9e63-c955dc17cb40","historyId":"f9dda8ef6717b8cc18b3bc99ee3c10bb","fullName":"tests.Tests.Web_Dashbord_Functionality.Dashboard_Fun","labels":[{"name":"package","value":"tests.Tests.Web_Dashbord_Functionality"},{"name":"testClass","value":"tests.Tests.Web_Dashbord_Functionality"},{"name":"testMethod","value":"Dashboard_Fun"},{"name":"parentSuite","value":"AndroidAppiumSuite"},{"name":"suite","value":"SearchIphoneTest"},{"name":"subSuite","value":"tests.Tests.Web_Dashbord_Functionality"},{"name":"host","value":"LPINDI0091"},{"name":"thread","value":"23780@LPINDI0091.main(1)"},{"name":"framework","value":"testng"},{"name":"language","value":"java"}],"links":[],"name":"Dashboard_Fun","status":"broken","statusDetails":{"known":false,"muted":false,"flaky":false,"message":"Root cause: \"org.openqa.selenium.NoSuchElementException: Cannot locate an element using By.xpath: //a[span[text()='Recruitment']]\"","trace":"java.lang.RuntimeException: Root cause: \"org.openqa.selenium.NoSuchElementException: Cannot locate an element using By.xpath: //a[span[text()='Recruitment']]\"\r\n\tat com.shaft.gui.element.internal.Actions.report(Actions.java:750)\r\n\tat com.shaft.gui.element.internal.Actions.reportBroken(Actions.java:699)\r\n\tat com.shaft.gui.element.internal.Actions.performAction(Actions.java:460)\r\n\tat com.shaft.gui.element.internal.Actions.click(Actions.java:90)\r\n\tat tests.Pages.Web.DashBoard.clickTab(DashBoard.java:65)\r\n\tat tests.Pages.Web.DashBoard.clickRecruitment(DashBoard.java:42)\r\n\tat tests.Tests.Web_Dashbord_Functionality.Dashboard_Fun(Web_Dashbord_Functionality.java:17)\r\n\tat java.base/jdk.internal.reflect.DirectMethodHandleAccessor.invoke(DirectMethodHandleAccessor.java:103)\r\n\tat java.base/java.lang.reflect.Method.invoke(Method.java:580)\r\n\tat org.testng.internal.invokers.MethodInvocationHelper.invokeMethod(MethodInvocationHelper.java:141)\r\n\tat org.testng.internal.invokers.TestInvoker.invokeMethod(TestInvoker.java:697)\r\n\tat org.testng.internal.invokers.TestInvoker.invokeTestMethod(TestInvoker.java:230)\r\n\tat org.testng.internal.invokers.MethodRunner.runInSequence(MethodRunner.java:63)\r\n\tat org.testng.internal.invokers.TestInvoker$MethodInvocationAgent.invoke(TestInvoker.java:1005)\r\n\tat org.testng.internal.invokers.TestInvoker.invokeTestMethods(TestInvoker.java:203)\r\n\tat org.testng.internal.invokers.TestMethodWorker.invokeTestMethods(TestMethodWorker.java:154)\r\n\tat org.testng.internal.invokers.TestMethodWorker.run(TestMethodWorker.java:134)\r\n\tat java.base/java.util.ArrayList.forEach(ArrayList.java:1597)\r\n\tat org.testng.TestRunner.privateRun(TestRunner.java:744)\r\n\tat org.testng.TestRunner.run(TestRunner.java:616)\r\n\tat org.testng.SuiteRunner.runTest(SuiteRunner.java:421)\r\n\tat org.testng.SuiteRunner.runSequentially(SuiteRunner.java:413)\r\n\tat org.testng.SuiteRunner.privateRun(SuiteRunner.java:373)\r\n\tat org.testng.SuiteRunner.run(SuiteRunner.java:312)\r\n\tat org.testng.SuiteRunnerWorker.runSuite(SuiteRunnerWorker.java:52)\r\n\tat org.testng.SuiteRunnerWorker.run(SuiteRunnerWorker.java:95)\r\n\tat org.testng.TestNG.runSuitesSequentially(TestNG.java:1274)\r\n\tat org.testng.TestNG.runSuitesLocally(TestNG.java:1208)\r\n\tat org.testng.TestNG.runSuites(TestNG.java:1112)\r\n\tat org.testng.TestNG.run(TestNG.java:1079)\r\n\tat com.intellij.rt.testng.IDEARemoteTestNG.run(IDEARemoteTestNG.java:65)\r\n\tat com.intellij.rt.testng.RemoteTestNGStarter.main(RemoteTestNGStarter.java:105)\r\nCaused by: org.openqa.selenium.TimeoutException: Expected condition failed: waiting for com.shaft.gui.element.internal.Actions$$Lambda/0x0000022bd68015e8@19d0d1ab\r\n(tried for 10 seconds with 100 milliseconds interval)\r\n\tat org.openqa.selenium.support.ui.FluentWait.timeoutException(FluentWait.java:276)\r\n\tat org.openqa.selenium.support.ui.FluentWait.until(FluentWait.java:231)\r\n\tat com.shaft.gui.element.internal.Actions.performAction(Actions.java:223)\r\n\t... 29 more\r\nCaused by: org.openqa.selenium.NoSuchElementException: Cannot locate an element using By.xpath: //a[span[text()='Recruitment']]\nFor documentation on this error, please visit: https://www.selenium.dev/documentation/webdriver/troubleshooting/errors#nosuchelementexception\nBuild info: version: '4.40.0', revision: 'b3333f1'\nSystem info: os.name: 'Windows 11', os.arch: 'amd64', os.version: '10.0', java.version: '23.0.2'\nDriver info: driver.version: unknown\r\n\tat com.shaft.gui.element.internal.Actions.lambda$performAction$1(Actions.java:229)\r\n\tat org.openqa.selenium.support.ui.FluentWait.until(FluentWait.java:207)\r\n\t... 30 more\r\n"},"stage":"finished","steps":[{"name":"Click \"By.xpath: //a[@class='oxd-main-menu-item']//span[text()='Admin']\"","status":"passed","stage":"finished","steps":[],"attachments":[],"parameters":[{"name":"locator","value":"By.xpath: //a[@class='oxd-main-menu-item']//span[text()='Admin']"}],"start":1769844356869,"stop":1769844357822},{"name":"Clicked on Admin tab","status":"passed","stage":"finished","steps":[],"attachments":[],"parameters":[],"start":1769844357826,"stop":1769844357826},{"name":"Click \"By.xpath: //a[@class='oxd-main-menu-item']//span[text()='PIM']\"","status":"passed","stage":"finished","steps":[],"attachments":[],"parameters":[{"name":"locator","value":"By.xpath: //a[@class='oxd-main-menu-item']//span[text()='PIM']"}],"start":1769844359744,"stop":1769844360592},{"name":"Clicked on PIM tab","status":"passed","stage":"finished","steps":[],"attachments":[],"parameters":[],"start":1769844360601,"stop":1769844360601},{"name":"Click \"By.xpath: //a[@class='oxd-main-menu-item']//span[text()='Leave']\"","status":"passed","stage":"finished","steps":[],"attachments":[],"parameters":[{"name":"locator","value":"By.xpath: //a[@class='oxd-main-menu-item']//span[text()='Leave']"}],"start":1769844362013,"stop":1769844362989},{"name":"Clicked on Leave tab","status":"passed","stage":"finished","steps":[],"attachments":[],"parameters":[],"start":1769844362992,"stop":1769844362992},{"name":"Click \"By.xpath: //a[span[text()='Recruitment']]\" is broken","status":"broken","statusDetails":{"known":false,"muted":false,"flaky":false,"message":"Root cause: \"org.openqa.selenium.NoSuchElementException: Cannot locate an element using By.xpath: //a[span[text()='Recruitment']]\"","trace":"java.lang.RuntimeException: Root cause: \"org.openqa.selenium.NoSuchElementException: Cannot locate an element using By.xpath: //a[span[text()='Recruitment']]\"\r\n\tat com.shaft.gui.element.internal.Actions.report(Actions.java:750)\r\n\tat com.shaft.gui.element.internal.Actions.reportBroken(Actions.java:699)\r\n\tat com.shaft.gui.element.internal.Actions.performAction(Actions.java:460)\r\n\tat com.shaft.gui.element.internal.Actions.click(Actions.java:90)\r\n\tat tests.Pages.Web.DashBoard.clickTab(DashBoard.java:65)\r\n\tat tests.Pages.Web.DashBoard.clickRecruitment(DashBoard.java:42)\r\n\tat tests.Tests.Web_Dashbord_Functionality.Dashboard_Fun(Web_Dashbord_Functionality.java:17)\r\n\tat java.base/jdk.internal.reflect.DirectMethodHandleAccessor.invoke(DirectMethodHandleAccessor.java:103)\r\n\tat java.base/java.lang.reflect.Method.invoke(Method.java:580)\r\n\tat org.testng.internal.invokers.MethodInvocationHelper.invokeMethod(MethodInvocationHelper.java:141)\r\n\tat org.testng.internal.invokers.TestInvoker.invokeMethod(TestInvoker.java:697)\r\n\tat org.testng.internal.invokers.TestInvoker.invokeTestMethod(TestInvoker.java:230)\r\n\tat org.testng.internal.invokers.MethodRunner.runInSequence(MethodRunner.java:63)\r\n\tat org.testng.internal.invokers.TestInvoker$MethodInvocationAgent.invoke(TestInvoker.java:1005)\r\n\tat org.testng.internal.invokers.TestInvoker.invokeTestMethods(TestInvoker.java:203)\r\n\tat org.testng.internal.invokers.TestMethodWorker.invokeTestMethods(TestMethodWorker.java:154)\r\n\tat org.testng.internal.invokers.TestMethodWorker.run(TestMethodWorker.java:134)\r\n\tat java.base/java.util.ArrayList.forEach(ArrayList.java:1597)\r\n\tat org.testng.TestRunner.privateRun(TestRunner.java:744)\r\n\tat org.testng.TestRunner.run(TestRunner.java:616)\r\n\tat org.testng.SuiteRunner.runTest(SuiteRunner.java:421)\r\n\tat org.testng.SuiteRunner.runSequentially(SuiteRunner.java:413)\r\n\tat org.testng.SuiteRunner.privateRun(SuiteRunner.java:373)\r\n\tat org.testng.SuiteRunner.run(SuiteRunner.java:312)\r\n\tat org.testng.SuiteRunnerWorker.runSuite(SuiteRunnerWorker.java:52)\r\n\tat org.testng.SuiteRunnerWorker.run(SuiteRunnerWorker.java:95)\r\n\tat org.testng.TestNG.runSuitesSequentially(TestNG.java:1274)\r\n\tat org.testng.TestNG.runSuitesLocally(TestNG.java:1208)\r\n\tat org.testng.TestNG.runSuites(TestNG.java:1112)\r\n\tat org.testng.TestNG.run(TestNG.java:1079)\r\n\tat com.intellij.rt.testng.IDEARemoteTestNG.run(IDEARemoteTestNG.java:65)\r\n\tat com.intellij.rt.testng.RemoteTestNGStarter.main(RemoteTestNGStarter.java:105)\r\nCaused by: org.openqa.selenium.TimeoutException: Expected condition failed: waiting for com.shaft.gui.element.internal.Actions$$Lambda/0x0000022bd68015e8@19d0d1ab\r\n(tried for 10 seconds with 100 milliseconds interval)\r\n\tat org.openqa.selenium.support.ui.FluentWait.timeoutException(FluentWait.java:276)\r\n\tat org.openqa.selenium.support.ui.FluentWait.until(FluentWait.java:231)\r\n\tat com.shaft.gui.element.internal.Actions.performAction(Actions.java:223)\r\n\t... 29 more\r\nCaused by: org.openqa.selenium.NoSuchElementException: Cannot locate an element using By.xpath: //a[span[text()='Recruitment']]\nFor documentation on this error, please visit: https://www.selenium.dev/documentation/webdriver/troubleshooting/errors#nosuchelementexception\nBuild info: version: '4.40.0', revision: 'b3333f1'\nSystem info: os.name: 'Windows 11', os.arch: 'amd64', os.version: '10.0', java.version: '23.0.2'\nDriver info: driver.version: unknown\r\n\tat com.shaft.gui.element.internal.Actions.lambda$performAction$1(Actions.java:229)\r\n\tat org.openqa.selenium.support.ui.FluentWait.until(FluentWait.java:207)\r\n\t... 30 more\r\n"},"stage":"finished","steps":[],"attachments":[{"name":"20260131_125616_Click_By_xpath____a_span_text____Recruitment___","source":"e237801e-ef5c-4cd1-94ef-9d29137e8d57-attachment.png","type":"image/png"}],"parameters":[{"name":"locator","value":"By.xpath: //a[span[text()='Recruitment']]"}],"start":1769844364772,"stop":1769844376362}],"attachments":[{"name":"SHAFT Engine Logs - Current Method log: Dashboard_Fun","source":"42301c3b-1ed9-45e2-9a33-f4b272aa4670-attachment.txt","type":"text/plain"}],"parameters":[{"name":"executionDevie","value":"web"},{"name":"password","value":"admin123"},{"name":"otp","value":"0806"},{"name":"newLogin","value":"Yes"},{"name":"loginname","value":"Admin"},{"name":"mobileNumber","value":"7358667568"}],"start":1769844355360,"stop":1769844376374}